2025-08-05 14:10:49,056 - app.services.llm.workout_analysis - ERROR - Error in LLM websocket: (1000, 'Normal closure')
Traceback (most recent call last):
  File "/Users/mileshillary/Desktop/learning/projects/volc/supreme-octo-doodle/backend/app/services/llm/workout_analysis.py", line 97, in process_websocket
    data = await websocket.receive_json()
           ^^^^^^^^^^^^^^^^^^^^^^^^^^^^^^
  File "/Users/mileshillary/Desktop/learning/projects/volc/supreme-octo-doodle/.venv/lib/python3.13/site-packages/starlette/websockets.py", line 136, in receive_json
    self._raise_on_disconnect(message)
    ~~~~~~~~~~~~~~~~~~~~~~~~~^^^^^^^^^
  File "/Users/mileshillary/Desktop/learning/projects/volc/supreme-octo-doodle/.venv/lib/python3.13/site-packages/starlette/websockets.py", line 114, in _raise_on_disconnect
    raise WebSocketDisconnect(message["code"], message.get("reason"))
starlette.websockets.WebSocketDisconnect: (1000, 'Normal closure')
2025-08-05 14:10:49,064 - app.services.llm.workout_analysis - ERROR - Error in LLM websocket: Expected ASGI message "websocket.send" or "websocket.close", but got 'websocket.accept'
Traceback (most recent call last):
  File "/Users/mileshillary/Desktop/learning/projects/volc/supreme-octo-doodle/backend/app/services/llm/workout_analysis.py", line 97, in process_websocket
    data = await websocket.receive_json()
           ^^^^^^^^^^^^^^^^^^^^^^^^^^^^^^
  File "/Users/mileshillary/Desktop/learning/projects/volc/supreme-octo-doodle/.venv/lib/python3.13/site-packages/starlette/websockets.py", line 136, in receive_json
    self._raise_on_disconnect(message)
    ~~~~~~~~~~~~~~~~~~~~~~~~~^^^^^^^^^
  File "/Users/mileshillary/Desktop/learning/projects/volc/supreme-octo-doodle/.venv/lib/python3.13/site-packages/starlette/websockets.py", line 114, in _raise_on_disconnect
    raise WebSocketDisconnect(message["code"], message.get("reason"))
starlette.websockets.WebSocketDisconnect: (1000, 'Normal closure')

During handling of the above exception, another exception occurred:

Traceback (most recent call last):
  File "/Users/mileshillary/Desktop/learning/projects/volc/supreme-octo-doodle/backend/app/services/llm/workout_analysis.py", line 143, in process_websocket
    await websocket.accept()
  File "/Users/mileshillary/Desktop/learning/projects/volc/supreme-octo-doodle/.venv/lib/python3.13/site-packages/starlette/websockets.py", line 110, in accept
    await self.send({"type": "websocket.accept", "subprotocol": subprotocol, "headers": headers})
  File "/Users/mileshillary/Desktop/learning/projects/volc/supreme-octo-doodle/.venv/lib/python3.13/site-packages/starlette/websockets.py", line 80, in send
    raise RuntimeError(
        f'Expected ASGI message "websocket.send" or "websocket.close", but got {message_type!r}'
    )
RuntimeError: Expected ASGI message "websocket.send" or "websocket.close", but got 'websocket.accept'
